<?xml version="1.0" encoding="UTF-8"?>
<testsuite xmlns:xsi="http://www.w3.org/2001/XMLSchema-instance" xsi:noNamespaceSchemaLocation="https://maven.apache.org/surefire/maven-surefire-plugin/xsd/surefire-test-report.xsd" name="com.mindlinksoft.recruitment.mychat.ConversationExporterTests" time="0.121" tests="10" errors="0" skipped="0" failures="0">
  <properties>
    <property name="java.specification.version" value="14"/>
    <property name="sun.cpu.isalist" value="amd64"/>
    <property name="sun.jnu.encoding" value="Cp1252"/>
    <property name="java.class.path" value="C:\Users\fmela\Documents\MindLinkProject\my-chat-master\target\test-classes;C:\Users\fmela\Documents\MindLinkProject\my-chat-master\target\classes;C:\Users\fmela\.m2\repository\info\picocli\picocli\4.5.1\picocli-4.5.1.jar;C:\Users\fmela\.m2\repository\junit\junit\4.12\junit-4.12.jar;C:\Users\fmela\.m2\repository\org\hamcrest\hamcrest-core\1.3\hamcrest-core-1.3.jar;C:\Users\fmela\.m2\repository\com\google\code\gson\gson\2.5\gson-2.5.jar;"/>
    <property name="java.vm.vendor" value="Oracle Corporation"/>
    <property name="sun.arch.data.model" value="64"/>
    <property name="user.variant" value=""/>
    <property name="java.vendor.url" value="https://java.oracle.com/"/>
    <property name="user.timezone" value="Europe/London"/>
    <property name="os.name" value="Windows 10"/>
    <property name="java.vm.specification.version" value="14"/>
    <property name="sun.java.launcher" value="SUN_STANDARD"/>
    <property name="user.country" value="US"/>
    <property name="sun.boot.library.path" value="C:\Program Files\Java\jdk-14\bin"/>
    <property name="sun.java.command" value="C:\Users\fmela\AppData\Local\Temp\surefire4795891280822642285\surefirebooter9871671452740766051.jar C:\Users\fmela\AppData\Local\Temp\surefire4795891280822642285 2020-10-20T11-41-29_294-jvmRun1 surefire6740323017989388704tmp surefire_03308503065389840274tmp"/>
    <property name="jdk.debug" value="release"/>
    <property name="surefire.test.class.path" value="C:\Users\fmela\Documents\MindLinkProject\my-chat-master\target\test-classes;C:\Users\fmela\Documents\MindLinkProject\my-chat-master\target\classes;C:\Users\fmela\.m2\repository\info\picocli\picocli\4.5.1\picocli-4.5.1.jar;C:\Users\fmela\.m2\repository\junit\junit\4.12\junit-4.12.jar;C:\Users\fmela\.m2\repository\org\hamcrest\hamcrest-core\1.3\hamcrest-core-1.3.jar;C:\Users\fmela\.m2\repository\com\google\code\gson\gson\2.5\gson-2.5.jar;"/>
    <property name="sun.cpu.endian" value="little"/>
    <property name="user.home" value="C:\Users\fmela"/>
    <property name="user.language" value="en"/>
    <property name="java.specification.vendor" value="Oracle Corporation"/>
    <property name="java.version.date" value="2020-03-17"/>
    <property name="java.home" value="C:\Program Files\Java\jdk-14"/>
    <property name="file.separator" value="\"/>
    <property name="basedir" value="C:\Users\fmela\Documents\MindLinkProject\my-chat-master"/>
    <property name="java.vm.compressedOopsMode" value="Zero based"/>
    <property name="line.separator" value="&#10;"/>
    <property name="java.vm.specification.vendor" value="Oracle Corporation"/>
    <property name="java.specification.name" value="Java Platform API Specification"/>
    <property name="surefire.real.class.path" value="C:\Users\fmela\AppData\Local\Temp\surefire4795891280822642285\surefirebooter9871671452740766051.jar"/>
    <property name="user.script" value=""/>
    <property name="sun.management.compiler" value="HotSpot 64-Bit Tiered Compilers"/>
    <property name="java.runtime.version" value="14+36-1461"/>
    <property name="user.name" value="fmela"/>
    <property name="path.separator" value=";"/>
    <property name="os.version" value="10.0"/>
    <property name="java.runtime.name" value="Java(TM) SE Runtime Environment"/>
    <property name="file.encoding" value="Cp1252"/>
    <property name="java.vm.name" value="Java HotSpot(TM) 64-Bit Server VM"/>
    <property name="localRepository" value="C:\Users\fmela\.m2\repository"/>
    <property name="java.vendor.url.bug" value="https://bugreport.java.com/bugreport/"/>
    <property name="java.io.tmpdir" value="C:\Users\fmela\AppData\Local\Temp\"/>
    <property name="java.version" value="14"/>
    <property name="user.dir" value="C:\Users\fmela\Documents\MindLinkProject\my-chat-master"/>
    <property name="os.arch" value="amd64"/>
    <property name="java.vm.specification.name" value="Java Virtual Machine Specification"/>
    <property name="sun.os.patch.level" value=""/>
    <property name="java.library.path" value="C:\Program Files\Java\jdk-14\bin;C:\Windows\Sun\Java\bin;C:\Windows\system32;C:\Windows;C:\Program Files\NVIDIA GPU Computing Toolkit\CUDA\v10.2\bin;C:\Program Files\NVIDIA GPU Computing Toolkit\CUDA\v10.2\libnvvp;C:\Program Files\Java\jdk-14\bin;C:\Users\fmela\Downloads\apache-maven-3.6.3\bin;C:\Program Files\NVIDIA Corporation\Nsight Compute 2019.5.0\;C:\Program Files (x86)\NVIDIA Corporation\PhysX\Common;C:\Program Files\NVIDIA Corporation\NVIDIA NvDLISR;C:\Program Files\Git\cmd;C:\Program Files\Microsoft SQL Server\Client SDK\ODBC\110\Tools\Binn\;C:\Program Files (x86)\Microsoft SQL Server\120\Tools\Binn\;C:\Program Files\Microsoft SQL Server\120\Tools\Binn\;C:\Program Files\Microsoft SQL Server\120\DTS\Binn\;C:\Program Files (x86)\Microsoft SQL Server\120\Tools\Binn\ManagementStudio\;C:\Program Files (x86)\Microsoft SQL Server\120\DTS\Binn\;C:\Users\fmela\AppData\Local\Programs\Python\Python37\Scripts\;C:\Users\fmela\AppData\Local\Programs\Python\Python37\;C:\Users\fmela\PycharmProjects\AICW\venv\Scripts\conda.exe;C:\sqlite;;."/>
    <property name="java.vm.info" value="mixed mode, sharing"/>
    <property name="java.vendor" value="Oracle Corporation"/>
    <property name="java.vm.version" value="14+36-1461"/>
    <property name="sun.io.unicode.encoding" value="UnicodeLittle"/>
    <property name="java.class.version" value="58.0"/>
  </properties>
  <testcase name="testExportingConversationExportsConversation2" classname="com.mindlinksoft.recruitment.mychat.ConversationExporterTests" time="0.06"/>
  <testcase name="testExportingConversationExportsConversation3" classname="com.mindlinksoft.recruitment.mychat.ConversationExporterTests" time="0.004"/>
  <testcase name="testExportingConversationExportsConversation4" classname="com.mindlinksoft.recruitment.mychat.ConversationExporterTests" time="0.005"/>
  <testcase name="testExportingConversationExportsConversation5" classname="com.mindlinksoft.recruitment.mychat.ConversationExporterTests" time="0.004"/>
  <testcase name="testKeywordFinder" classname="com.mindlinksoft.recruitment.mychat.ConversationExporterTests" time="0"/>
  <testcase name="testExportingConversationExportsConversation" classname="com.mindlinksoft.recruitment.mychat.ConversationExporterTests" time="0.004"/>
  <testcase name="testBlacklistedWordAdder" classname="com.mindlinksoft.recruitment.mychat.ConversationExporterTests" time="0"/>
  <testcase name="testBlacklistedWordCheck" classname="com.mindlinksoft.recruitment.mychat.ConversationExporterTests" time="0"/>
  <testcase name="testPunctuationAdder" classname="com.mindlinksoft.recruitment.mychat.ConversationExporterTests" time="0"/>
  <testcase name="testPunctuationIndex" classname="com.mindlinksoft.recruitment.mychat.ConversationExporterTests" time="0"/>
</testsuite>